<?xml version="1.0"?>
<testsuite name="Chrome 129.0.0.0 (Windows 10)" package="" timestamp="2024-10-02T21:16:23" id="0" hostname="DESKTOP-G1K6GVP" tests="8" errors="0" failures="4" time="0.158">
  <properties>
    <property name="browser.fullName" value="Mozilla/5.0 (Windows NT 10.0; Win64; x64) AppleWebKit/537.36 (KHTML, like Gecko) Chrome/129.0.0.0 Safari/537.36"/>
  </properties>
  <testcase name="AddressBookService should be created" time="0.065" classname="AddressBookService">
    <failure type="">NullInjectorError: R3InjectorError(DynamicTestModule)[AddressBookService -&gt; HttpClient -&gt; HttpClient]: 
  NullInjectorError: No provider for HttpClient!
error properties: Object({ ngTempTokenPath: null, ngTokenPath: [ 'AddressBookService', 'HttpClient', 'HttpClient' ] })
    at NullInjector.get (node_modules/@angular/core/fesm2022/core.mjs:8890:27)
    at R3Injector.get (node_modules/@angular/core/fesm2022/core.mjs:9334:33)
    at R3Injector.get (node_modules/@angular/core/fesm2022/core.mjs:9334:33)
    at injectInjectorOnly (node_modules/@angular/core/fesm2022/core.mjs:842:40)
    at ɵɵinject (node_modules/@angular/core/fesm2022/core.mjs:848:60)
    at Object.factory (ng:///AddressBookService/ɵfac.js:4:46)
    at callback (node_modules/@angular/core/fesm2022/core.mjs:9454:43)
    at runInInjectorProfilerContext (node_modules/@angular/core/fesm2022/core.mjs:798:9)
    at R3Injector.hydrate (node_modules/@angular/core/fesm2022/core.mjs:9453:17)
    at R3Injector.get (node_modules/@angular/core/fesm2022/core.mjs:9323:33)
</failure>
  </testcase>
  <testcase name="CcInputComponent should create" time="0.025" classname="CcInputComponent"/>
  <testcase name="CcButtonComponent should create" time="0.009" classname="CcButtonComponent"/>
  <testcase name="AppComponent should create the app" time="0.013" classname="AppComponent"/>
  <testcase name="AppComponent should have as title 'address-book-ui'" time="0.004" classname="AppComponent"/>
  <testcase name="EnterAddressBookComponent should create" time="0.014" classname="EnterAddressBookComponent">
    <failure type="">Error: NG0304: 'app-cc-simple-input' is not a known element (used in the 'EnterAddressBookComponent' component template):
1. If 'app-cc-simple-input' is an Angular component, then verify that it is a part of an @NgModule where this component is declared.
2. If 'app-cc-simple-input' is a Web Component then add 'CUSTOM_ELEMENTS_SCHEMA' to the '@NgModule.schemas' of this component to suppress this message.
error properties: Object({ code: 304 })
    at validateElementIsKnown (node_modules/@angular/core/fesm2022/core.mjs:6212:23)
    at ɵɵelementStart (node_modules/@angular/core/fesm2022/core.mjs:16319:9)
    at templateFn (ng:///EnterAddressBookComponent.js:11:9)
    at executeTemplate (node_modules/@angular/core/fesm2022/core.mjs:12003:13)
    at renderView (node_modules/@angular/core/fesm2022/core.mjs:13201:13)
    at renderComponent (node_modules/@angular/core/fesm2022/core.mjs:13148:5)
    at renderChildComponents (node_modules/@angular/core/fesm2022/core.mjs:13246:9)
    at renderView (node_modules/@angular/core/fesm2022/core.mjs:13226:13)
    at ComponentFactory.create (node_modules/@angular/core/fesm2022/core.mjs:14138:13)
    at initComponent (node_modules/@angular/core/fesm2022/testing.mjs:27492:51)
</failure>
  </testcase>
  <testcase name="AddressBookMainComponent should create" time="0.015" classname="AddressBookMainComponent">
    <failure type="">NullInjectorError: R3InjectorError(DynamicTestModule)[AddressBookService -&gt; HttpClient -&gt; HttpClient]: 
  NullInjectorError: No provider for HttpClient!
error properties: Object({ ngTempTokenPath: null, ngTokenPath: [ 'AddressBookService', 'HttpClient', 'HttpClient' ] })
    at NullInjector.get (node_modules/@angular/core/fesm2022/core.mjs:8890:27)
    at R3Injector.get (node_modules/@angular/core/fesm2022/core.mjs:9334:33)
    at R3Injector.get (node_modules/@angular/core/fesm2022/core.mjs:9334:33)
    at injectInjectorOnly (node_modules/@angular/core/fesm2022/core.mjs:842:40)
    at ɵɵinject (node_modules/@angular/core/fesm2022/core.mjs:848:60)
    at Object.factory (ng:///AddressBookService/ɵfac.js:4:46)
    at callback (node_modules/@angular/core/fesm2022/core.mjs:9454:43)
    at runInInjectorProfilerContext (node_modules/@angular/core/fesm2022/core.mjs:798:9)
    at R3Injector.hydrate (node_modules/@angular/core/fesm2022/core.mjs:9453:17)
    at R3Injector.get (node_modules/@angular/core/fesm2022/core.mjs:9323:33)
</failure>
  </testcase>
  <testcase name="CreateOrEditAddressBookRow should create" time="0.013" classname="CreateOrEditAddressBookRow">
    <failure type="">NullInjectorError: R3InjectorError(DynamicTestModule)[AddressBookService -&gt; HttpClient -&gt; HttpClient]: 
  NullInjectorError: No provider for HttpClient!
error properties: Object({ ngTempTokenPath: null, ngTokenPath: [ 'AddressBookService', 'HttpClient', 'HttpClient' ] })
    at NullInjector.get (node_modules/@angular/core/fesm2022/core.mjs:8890:27)
    at R3Injector.get (node_modules/@angular/core/fesm2022/core.mjs:9334:33)
    at R3Injector.get (node_modules/@angular/core/fesm2022/core.mjs:9334:33)
    at injectInjectorOnly (node_modules/@angular/core/fesm2022/core.mjs:842:40)
    at ɵɵinject (node_modules/@angular/core/fesm2022/core.mjs:848:60)
    at Object.factory (ng:///AddressBookService/ɵfac.js:4:46)
    at callback (node_modules/@angular/core/fesm2022/core.mjs:9454:43)
    at runInInjectorProfilerContext (node_modules/@angular/core/fesm2022/core.mjs:798:9)
    at R3Injector.hydrate (node_modules/@angular/core/fesm2022/core.mjs:9453:17)
    at R3Injector.get (node_modules/@angular/core/fesm2022/core.mjs:9323:33)
</failure>
  </testcase>
  <system-out>
    <![CDATA[
]]>
  </system-out>
  <system-err/>
</testsuite>